================================================================================
Agent Actions Log - Session: 1b9c22a6-3919-4ceb-b649-9972b7423c43
================================================================================

Action:
  Timestamp: 2025-10-18T19:53:26.968Z
  Tool: Glob
  Tool ID: toolu_01S427E5BZhuCh1RmkqAYqkQ
  Input: {
    "pattern": "**/*.md"
}

Action:
  Timestamp: 2025-10-18T19:53:29.574Z
  Tool: Glob
  Tool ID: toolu_01XWfR4hJ9nVbJATeoUTe51J
  Input: {
    "pattern": "**/*slide*"
}

Action:
  Timestamp: 2025-10-18T19:53:29.927Z
  Tool: Glob
  Tool ID: toolu_01QzSJQUxG8PPebEXxhAJCu7
  Input: {
    "pattern": "**/*present*"
}

Action:
  Timestamp: 2025-10-18T19:53:30.021Z
  Tool: Glob
  Tool ID: toolu_01AcTLvH29YsfY8MifHbRM9u
  Input: {
    "pattern": "**/*.html"
}

